#
# There is insufficient memory for the Java Runtime Environment to continue.
# Native memory allocation (malloc) failed to allocate 1048576 bytes for AllocateHeap
# Possible reasons:
#   The system is out of physical RAM or swap space
#   The process is running with CompressedOops enabled, and the Java Heap may be blocking the growth of the native heap
# Possible solutions:
#   Reduce memory load on the system
#   Increase physical memory or swap space
#   Check if swap backing store is full
#   Decrease Java heap size (-Xmx/-Xms)
#   Decrease number of Java threads
#   Decrease Java thread stack sizes (-Xss)
#   Set larger code cache with -XX:ReservedCodeCacheSize=
#   JVM is running with Zero Based Compressed Oops mode in which the Java heap is
#     placed in the first 32GB address space. The Java Heap base address is the
#     maximum limit for the native heap growth. Please use -XX:HeapBaseMinAddress
#     to set the Java Heap base and to place the Java Heap above 32GB virtual address.
# This output file may be truncated or incomplete.
#
#  Out of Memory Error (./src/hotspot/share/memory/allocation.cpp:46), pid=15188, tid=21072
#
# JRE version: OpenJDK Runtime Environment (11.0.10) (build 11.0.10+0-b96-7249189)
# Java VM: OpenJDK 64-Bit Server VM (11.0.10+0-b96-7249189, mixed mode, tiered, compressed oops, g1 gc, windows-amd64)
# No core dump will be written. Minidumps are not enabled by default on client versions of Windows
#

---------------  S U M M A R Y ------------

Command Line: org.jetbrains.kotlin.cli.jvm.K2JVMCompiler @C:\Users\oleg\AndroidStudioProjects\Question\app\build\20220112_16076623314119256171.compiler.options

Host: AMD Ryzen 3 3200U with Radeon Vega Mobile Gfx  , 4 cores, 13G,  Windows 10 , 64 bit Build 19041 (10.0.19041.928)
Time: Wed Jan 12 21:53:26 2022 RTZ 2 (зима) elapsed time: 3.273369 seconds (0d 0h 0m 3s)

---------------  T H R E A D  ---------------

Current thread (0x0000017747a06000):  VMThread "VM Thread" [stack: 0x00000001d1600000,0x00000001d1700000] [id=21072]

Stack: [0x00000001d1600000,0x00000001d1700000]
[error occurred during error reporting (printing stack bounds), id 0xc0000005, EXCEPTION_ACCESS_VIOLATION (0xc0000005) at pc=0x000001772d0a0f2d]

Native frames: (J=compiled Java code, j=interpreted, Vv=VM code, C=native code)
V  [jvm.dll+0x5ecfaa]
V  [jvm.dll+0x722bd5]
V  [jvm.dll+0x72412d]
V  [jvm.dll+0x724745]
V  [jvm.dll+0x7246fb]
V  [jvm.dll+0x5ec348]
V  [jvm.dll+0x5ecad8]
C  [ntdll.dll+0xa207f]
C  [ntdll.dll+0x51454]
C  [ntdll.dll+0xa0bae]
C  0x000001772d0a0f2d

VM_Operation (0x00000001d10fb940): CollectForMetadataAllocation, mode: safepoint, requested by thread 0x00000177295a9000


---------------  P R O C E S S  ---------------

Threads class SMR info:
_java_thread_list=0x0000017747c074a0, length=11, elements={
0x00000177295a9000, 0x0000017747a2f800, 0x0000017747a31000, 0x0000017747a8e800,
0x0000017747a8f800, 0x0000017747a90800, 0x0000017747a96000, 0x0000017747a9a000,
0x0000017747aa6000, 0x0000017747bfd800, 0x0000017747bfa800
}

Java Threads: ( => current thread )
  0x00000177295a9000 JavaThread "main" [_thread_blocked, id=12764, stack(0x00000001d1000000,0x00000001d1100000)]
  0x0000017747a2f800 JavaThread "Reference Handler" daemon [_thread_blocked, id=13356, stack(0x00000001d1700000,0x00000001d1800000)]
  0x0000017747a31000 JavaThread "Finalizer" daemon [_thread_blocked, id=12040, stack(0x00000001d1800000,0x00000001d1900000)]
  0x0000017747a8e800 JavaThread "Signal Dispatcher" daemon [_thread_blocked, id=10248, stack(0x00000001d1900000,0x00000001d1a00000)]
  0x0000017747a8f800 JavaThread "Attach Listener" daemon [_thread_blocked, id=11020, stack(0x00000001d1a00000,0x00000001d1b00000)]
  0x0000017747a90800 JavaThread "Service Thread" daemon [_thread_blocked, id=6500, stack(0x00000001d1b00000,0x00000001d1c00000)]
  0x0000017747a96000 JavaThread "C2 CompilerThread0" daemon [_thread_blocked, id=19332, stack(0x00000001d1c00000,0x00000001d1d00000)]
  0x0000017747a9a000 JavaThread "C1 CompilerThread0" daemon [_thread_blocked, id=21088, stack(0x00000001d1d00000,0x00000001d1e00000)]
  0x0000017747aa6000 JavaThread "Sweeper thread" daemon [_thread_blocked, id=6940, stack(0x00000001d1e00000,0x00000001d1f00000)]
  0x0000017747bfd800 JavaThread "Common-Cleaner" daemon [_thread_blocked, id=14044, stack(0x00000001d2000000,0x00000001d2100000)]
  0x0000017747bfa800 JavaThread "C2 CompilerThread1" daemon [_thread_blocked, id=8568, stack(0x00000001d2100000,0x00000001d2200000)]

Other Threads:
=>0x0000017747a06000 VMThread "VM Thread" [stack: 0x00000001d1600000,0x00000001d1700000] [id=21072]
  0x0000017747bf8800 WatcherThread [stack: 0x00000001d1f00000,0x00000001d2000000] [id=19168]
  0x00000177295c1800 GCTaskThread "GC Thread#0" [stack: 0x00000001d1100000,0x00000001d1200000] [id=16260]
  0x000001774815a000 GCTaskThread "GC Thread#1" [stack: 0x00000001d2200000,0x00000001d2300000] [id=11692]
  0x00000177480fe800 GCTaskThread "GC Thread#2" [stack: 0x00000001d2300000,0x00000001d2400000] [id=15204]
  0x00000177481d2800 GCTaskThread "GC Thread#3" [stack: 0x00000001d2400000,0x00000001d2500000] [id=13588]
  0x0000017729612000 ConcurrentGCThread "G1 Main Marker" [stack: 0x00000001d1200000,0x00000001d1300000] [id=15264]
  0x0000017729613800 ConcurrentGCThread "G1 Conc#0" [stack: 0x00000001d1300000,0x00000001d1400000] [id=10384]
  0x000001772968e000 ConcurrentGCThread "G1 Refine#0" [stack: 0x00000001d1400000,0x00000001d1500000] [id=10840]
  0x0000017747067800 ConcurrentGCThread "G1 Young RemSet Sampling" [stack: 0x00000001d1500000,0x00000001d1600000] [id=8680]

Threads with active compile tasks:
C2 CompilerThread1   3284 2765       4       jdk.internal.loader.BuiltinClassLoader::findLoadedModule (33 bytes)

VM state:at safepoint (normal execution)

VM Mutex/Monitor currently owned by a thread:  ([mutex/lock_event])
[0x00000177295a66c0] Threads_lock - owner thread: 0x0000017747a06000
[0x00000177295a6a20] Heap_lock - owner thread: 0x00000177295a9000

Heap address: 0x0000000721400000, size: 3564 MB, Compressed Oops mode: Zero based, Oop shift amount: 3
Narrow klass base: 0x0000000800000000, Narrow klass shift: 0
Compressed class space size: 1073741824 Address: 0x0000000800000000

Heap:
 garbage-first heap   total 229376K, used 24459K [0x0000000721400000, 0x0000000800000000)
  region size 1024K, 5 young (5120K), 5 survivors (5120K)
 Metaspace       used 41586K, capacity 42030K, committed 42112K, reserved 1097728K
  class space    used 4985K, capacity 5190K, committed 5248K, reserved 1048576K
Heap Regions: E=young(eden), S=young(survivor), O=old, HS=humongous(starts), HC=humongous(continues), CS=collection set, F=free, A=archive, TAMS=top-at-mark-start (previous, next)
|   0|0x0000000721400000, 0x0000000721500000, 0x0000000721500000|100%|HS|  |TAMS 0x0000000721500000, 0x0000000721500000| Complete 
|   1|0x0000000721500000, 0x0000000721600000, 0x0000000721600000|100%|HC|  |TAMS 0x0000000721600000, 0x0000000721600000| Complete 
|   2|0x0000000721600000, 0x0000000721700000, 0x0000000721700000|100%|HC|  |TAMS 0x0000000721700000, 0x0000000721700000| Complete 
|   3|0x0000000721700000, 0x0000000721800000, 0x0000000721800000|100%| O|  |TAMS 0x0000000721800000, 0x0000000721800000| Untracked 
|   4|0x0000000721800000, 0x0000000721900000, 0x0000000721900000|100%| O|  |TAMS 0x0000000721900000, 0x0000000721900000| Untracked 
|   5|0x0000000721900000, 0x0000000721a00000, 0x0000000721a00000|100%|HS|  |TAMS 0x0000000721a00000, 0x0000000721a00000| Complete 
|   6|0x0000000721a00000, 0x0000000721b00000, 0x0000000721b00000|100%|HC|  |TAMS 0x0000000721b00000, 0x0000000721b00000| Complete 
|   7|0x0000000721b00000, 0x0000000721c00000, 0x0000000721c00000|100%|HC|  |TAMS 0x0000000721c00000, 0x0000000721c00000| Complete 
|   8|0x0000000721c00000, 0x0000000721d00000, 0x0000000721d00000|100%|HS|  |TAMS 0x0000000721d00000, 0x0000000721d00000| Complete 
|   9|0x0000000721d00000, 0x0000000721e00000, 0x0000000721e00000|100%|HC|  |TAMS 0x0000000721e00000, 0x0000000721e00000| Complete 
|  10|0x0000000721e00000, 0x0000000721f00000, 0x0000000721f00000|100%| O|  |TAMS 0x0000000721f00000, 0x0000000721f00000| Untracked 
|  11|0x0000000721f00000, 0x0000000722000000, 0x0000000722000000|100%| O|  |TAMS 0x0000000722000000, 0x0000000722000000| Untracked 
|  12|0x0000000722000000, 0x0000000722100000, 0x0000000722100000|100%| O|  |TAMS 0x0000000722100000, 0x0000000722100000| Untracked 
|  13|0x0000000722100000, 0x0000000722200000, 0x0000000722200000|100%| O|  |TAMS 0x0000000722200000, 0x0000000722200000| Untracked 
|  14|0x0000000722200000, 0x0000000722300000, 0x0000000722300000|100%| O|  |TAMS 0x0000000722300000, 0x0000000722300000| Untracked 
|  15|0x0000000722300000, 0x0000000722400000, 0x0000000722400000|100%| O|  |TAMS 0x0000000722400000, 0x0000000722400000| Untracked 
|  16|0x0000000722400000, 0x0000000722500000, 0x0000000722500000|100%| O|  |TAMS 0x0000000722500000, 0x0000000722500000| Untracked 
|  17|0x0000000722500000, 0x0000000722600000, 0x0000000722600000|100%| O|  |TAMS 0x0000000722600000, 0x0000000722600000| Untracked 
|  18|0x0000000722600000, 0x0000000722700000, 0x0000000722700000|100%| O|  |TAMS 0x0000000722700000, 0x0000000722700000| Untracked 
|  19|0x0000000722700000, 0x00000007227aea00, 0x0000000722800000| 68%| O|  |TAMS 0x00000007227aea00, 0x00000007227aea00| Untracked 
|  20|0x0000000722800000, 0x0000000722800000, 0x0000000722900000|  0%| F|  |TAMS 0x0000000722800000, 0x0000000722800000| Untracked 
|  21|0x0000000722900000, 0x0000000722900000, 0x0000000722a00000|  0%| F|  |TAMS 0x0000000722900000, 0x0000000722900000| Untracked 
|  22|0x0000000722a00000, 0x0000000722a00000, 0x0000000722b00000|  0%| F|  |TAMS 0x0000000722a00000, 0x0000000722a00000| Untracked 
|  23|0x0000000722b00000, 0x0000000722b00000, 0x0000000722c00000|  0%| F|  |TAMS 0x0000000722b00000, 0x0000000722b00000| Untracked 
|  24|0x0000000722c00000, 0x0000000722c00000, 0x0000000722d00000|  0%| F|  |TAMS 0x0000000722c00000, 0x0000000722c00000| Untracked 
|  25|0x0000000722d00000, 0x0000000722d00000, 0x0000000722e00000|  0%| F|  |TAMS 0x0000000722d00000, 0x0000000722d00000| Untracked 
|  26|0x0000000722e00000, 0x0000000722e00000, 0x0000000722f00000|  0%| F|  |TAMS 0x0000000722e00000, 0x0000000722e00000| Untracked 
|  27|0x0000000722f00000, 0x0000000722f00000, 0x0000000723000000|  0%| F|  |TAMS 0x0000000722f00000, 0x0000000722f00000| Untracked 
|  28|0x0000000723000000, 0x0000000723000000, 0x0000000723100000|  0%| F|  |TAMS 0x0000000723000000, 0x0000000723000000| Untracked 
|  29|0x0000000723100000, 0x0000000723100000, 0x0000000723200000|  0%| F|  |TAMS 0x0000000723100000, 0x0000000723100000| Untracked 
|  30|0x0000000723200000, 0x0000000723200000, 0x0000000723300000|  0%| F|  |TAMS 0x0000000723200000, 0x0000000723200000| Untracked 
|  31|0x0000000723300000, 0x0000000723300000, 0x0000000723400000|  0%| F|  |TAMS 0x0000000723300000, 0x0000000723300000| Untracked 
|  32|0x0000000723400000, 0x0000000723400000, 0x0000000723500000|  0%| F|  |TAMS 0x0000000723400000, 0x0000000723400000| Untracked 
|  33|0x0000000723500000, 0x0000000723500000, 0x0000000723600000|  0%| F|  |TAMS 0x0000000723500000, 0x0000000723500000| Untracked 
|  34|0x0000000723600000, 0x0000000723600000, 0x0000000723700000|  0%| F|  |TAMS 0x0000000723600000, 0x0000000723600000| Untracked 
|  35|0x0000000723700000, 0x0000000723700000, 0x0000000723800000|  0%| F|  |TAMS 0x0000000723700000, 0x0000000723700000| Untracked 
|  36|0x0000000723800000, 0x0000000723800000, 0x0000000723900000|  0%| F|  |TAMS 0x0000000723800000, 0x0000000723800000| Untracked 
|  37|0x0000000723900000, 0x0000000723900000, 0x0000000723a00000|  0%| F|  |TAMS 0x0000000723900000, 0x0000000723900000| Untracked 
|  38|0x0000000723a00000, 0x0000000723a00000, 0x0000000723b00000|  0%| F|  |TAMS 0x0000000723a00000, 0x0000000723a00000| Untracked 
|  39|0x0000000723b00000, 0x0000000723b00000, 0x0000000723c00000|  0%| F|  |TAMS 0x0000000723b00000, 0x0000000723b00000| Untracked 
|  40|0x0000000723c00000, 0x0000000723c00000, 0x0000000723d00000|  0%| F|  |TAMS 0x0000000723c00000, 0x0000000723c00000| Untracked 
|  41|0x0000000723d00000, 0x0000000723d00000, 0x0000000723e00000|  0%| F|  |TAMS 0x0000000723d00000, 0x0000000723d00000| Untracked 
|  42|0x0000000723e00000, 0x0000000723e00000, 0x0000000723f00000|  0%| F|  |TAMS 0x0000000723e00000, 0x0000000723e00000| Untracked 
|  43|0x0000000723f00000, 0x0000000723f00000, 0x0000000724000000|  0%| F|  |TAMS 0x0000000723f00000, 0x0000000723f00000| Untracked 
|  44|0x0000000724000000, 0x0000000724000000, 0x0000000724100000|  0%| F|  |TAMS 0x0000000724000000, 0x0000000724000000| Untracked 
|  45|0x0000000724100000, 0x0000000724100000, 0x0000000724200000|  0%| F|  |TAMS 0x0000000724100000, 0x0000000724100000| Untracked 
|  46|0x0000000724200000, 0x0000000724200000, 0x0000000724300000|  0%| F|  |TAMS 0x0000000724200000, 0x0000000724200000| Untracked 
|  47|0x0000000724300000, 0x0000000724300000, 0x0000000724400000|  0%| F|  |TAMS 0x0000000724300000, 0x0000000724300000| Untracked 
|  48|0x0000000724400000, 0x0000000724400000, 0x0000000724500000|  0%| F|  |TAMS 0x0000000724400000, 0x0000000724400000| Untracked 
|  49|0x0000000724500000, 0x0000000724500000, 0x0000000724600000|  0%| F|  |TAMS 0x0000000724500000, 0x0000000724500000| Untracked 
|  50|0x0000000724600000, 0x0000000724600000, 0x0000000724700000|  0%| F|  |TAMS 0x0000000724600000, 0x0000000724600000| Untracked 
|  51|0x0000000724700000, 0x0000000724700000, 0x0000000724800000|  0%| F|  |TAMS 0x0000000724700000, 0x0000000724700000| Untracked 
|  52|0x0000000724800000, 0x0000000724800000, 0x0000000724900000|  0%| F|  |TAMS 0x0000000724800000, 0x0000000724800000| Untracked 
|  53|0x0000000724900000, 0x0000000724900000, 0x0000000724a00000|  0%| F|  |TAMS 0x0000000724900000, 0x0000000724900000| Untracked 
|  54|0x0000000724a00000, 0x0000000724a00000, 0x0000000724b00000|  0%| F|  |TAMS 0x0000000724a00000, 0x0000000724a00000| Untracked 
|  55|0x0000000724b00000, 0x0000000724b00000, 0x0000000724c00000|  0%| F|  |TAMS 0x0000000724b00000, 0x0000000724b00000| Untracked 
|  56|0x0000000724c00000, 0x0000000724c00000, 0x0000000724d00000|  0%| F|  |TAMS 0x0000000724c00000, 0x0000000724c00000| Untracked 
|  57|0x0000000724d00000, 0x0000000724d00000, 0x0000000724e00000|  0%| F|  |TAMS 0x0000000724d00000, 0x0000000724d00000| Untracked 
|  58|0x0000000724e00000, 0x0000000724e00000, 0x0000000724f00000|  0%| F|  |TAMS 0x0000000724e00000, 0x0000000724e00000| Untracked 
|  59|0x0000000724f00000, 0x0000000724f00000, 0x0000000725000000|  0%| F|  |TAMS 0x0000000724f00000, 0x0000000724f00000| Untracked 
|  60|0x0000000725000000, 0x0000000725000000, 0x0000000725100000|  0%| F|  |TAMS 0x0000000725000000, 0x0000000725000000| Untracked 
|  61|0x0000000725100000, 0x0000000725100000, 0x0000000725200000|  0%| F|  |TAMS 0x0000000725100000, 0x0000000725100000| Untracked 
|  62|0x0000000725200000, 0x0000000725200000, 0x0000000725300000|  0%| F|  |TAMS 0x0000000725200000, 0x0000000725200000| Untracked 
|  63|0x0000000725300000, 0x0000000725300000, 0x0000000725400000|  0%| F|  |TAMS 0x0000000725300000, 0x0000000725300000| Untracked 
|  64|0x0000000725400000, 0x0000000725400000, 0x0000000725500000|  0%| F|  |TAMS 0x0000000725400000, 0x0000000725400000| Untracked 
|  65|0x0000000725500000, 0x0000000725500000, 0x0000000725600000|  0%| F|  |TAMS 0x0000000725500000, 0x0000000725500000| Untracked 
|  66|0x0000000725600000, 0x0000000725600000, 0x0000000725700000|  0%| F|  |TAMS 0x0000000725600000, 0x0000000725600000| Untracked 
|  67|0x0000000725700000, 0x0000000725700000, 0x0000000725800000|  0%| F|  |TAMS 0x0000000725700000, 0x0000000725700000| Untracked 
|  68|0x0000000725800000, 0x0000000725800000, 0x0000000725900000|  0%| F|  |TAMS 0x0000000725800000, 0x0000000725800000| Untracked 
|  69|0x0000000725900000, 0x0000000725900000, 0x0000000725a00000|  0%| F|  |TAMS 0x0000000725900000, 0x0000000725900000| Untracked 
|  70|0x0000000725a00000, 0x0000000725a00000, 0x0000000725b00000|  0%| F|  |TAMS 0x0000000725a00000, 0x0000000725a00000| Untracked 
|  71|0x0000000725b00000, 0x0000000725b00000, 0x0000000725c00000|  0%| F|  |TAMS 0x0000000725b00000, 0x0000000725b00000| Untracked 
|  72|0x0000000725c00000, 0x0000000725c00000, 0x0000000725d00000|  0%| F|  |TAMS 0x0000000725c00000, 0x0000000725c00000| Untracked 
|  73|0x0000000725d00000, 0x0000000725d00000, 0x0000000725e00000|  0%| F|  |TAMS 0x0000000725d00000, 0x0000000725d00000| Untracked 
|  74|0x0000000725e00000, 0x0000000725e00000, 0x0000000725f00000|  0%| F|  |TAMS 0x0000000725e00000, 0x0000000725e00000| Untracked 
|  75|0x0000000725f00000, 0x0000000725f00000, 0x0000000726000000|  0%| F|  |TAMS 0x0000000725f00000, 0x0000000725f00000| Untracked 
|  76|0x0000000726000000, 0x0000000726000000, 0x0000000726100000|  0%| F|  |TAMS 0x0000000726000000, 0x0000000726000000| Untracked 
|  77|0x0000000726100000, 0x0000000726100000, 0x0000000726200000|  0%| F|  |TAMS 0x0000000726100000, 0x0000000726100000| Untracked 
|  78|0x0000000726200000, 0x0000000726200000, 0x0000000726300000|  0%| F|  |TAMS 0x0000000726200000, 0x0000000726200000| Untracked 
|  79|0x0000000726300000, 0x0000000726300000, 0x0000000726400000|  0%| F|  |TAMS 0x0000000726300000, 0x0000000726300000| Untracked 
|  80|0x0000000726400000, 0x0000000726400000, 0x0000000726500000|  0%| F|  |TAMS 0x0000000726400000, 0x0000000726400000| Untracked 
|  81|0x0000000726500000, 0x0000000726500000, 0x0000000726600000|  0%| F|  |TAMS 0x0000000726500000, 0x0000000726500000| Untracked 
|  82|0x0000000726600000, 0x0000000726600000, 0x0000000726700000|  0%| F|  |TAMS 0x0000000726600000, 0x0000000726600000| Untracked 
|  83|0x0000000726700000, 0x0000000726700000, 0x0000000726800000|  0%| F|  |TAMS 0x0000000726700000, 0x0000000726700000| Untracked 
|  84|0x0000000726800000, 0x0000000726800000, 0x0000000726900000|  0%| F|  |TAMS 0x0000000726800000, 0x0000000726800000| Untracked 
|  85|0x0000000726900000, 0x0000000726900000, 0x0000000726a00000|  0%| F|  |TAMS 0x0000000726900000, 0x0000000726900000| Untracked 
|  86|0x0000000726a00000, 0x0000000726a00000, 0x0000000726b00000|  0%| F|  |TAMS 0x0000000726a00000, 0x0000000726a00000| Untracked 
|  87|0x0000000726b00000, 0x0000000726b00000, 0x0000000726c00000|  0%| F|  |TAMS 0x0000000726b00000, 0x0000000726b00000| Untracked 
|  88|0x0000000726c00000, 0x0000000726c00000, 0x0000000726d00000|  0%| F|  |TAMS 0x0000000726c00000, 0x0000000726c00000| Untracked 
|  89|0x0000000726d00000, 0x0000000726d00000, 0x0000000726e00000|  0%| F|  |TAMS 0x0000000726d00000, 0x0000000726d00000| Untracked 
|  90|0x0000000726e00000, 0x0000000726e00000, 0x0000000726f00000|  0%| F|  |TAMS 0x0000000726e00000, 0x0000000726e00000| Untracked 
|  91|0x0000000726f00000, 0x0000000726f00000, 0x0000000727000000|  0%| F|  |TAMS 0x0000000726f00000, 0x0000000726f00000| Untracked 
|  92|0x0000000727000000, 0x0000000727000000, 0x0000000727100000|  0%| F|  |TAMS 0x0000000727000000, 0x0000000727000000| Untracked 
|  93|0x0000000727100000, 0x0000000727100000, 0x0000000727200000|  0%| F|  |TAMS 0x0000000727100000, 0x0000000727100000| Untracked 
|  94|0x0000000727200000, 0x0000000727200000, 0x0000000727300000|  0%| F|  |TAMS 0x0000000727200000, 0x0000000727200000| Untracked 
|  95|0x0000000727300000, 0x0000000727300000, 0x0000000727400000|  0%| F|  |TAMS 0x0000000727300000, 0x0000000727300000| Untracked 
|  96|0x0000000727400000, 0x0000000727400000, 0x0000000727500000|  0%| F|  |TAMS 0x0000000727400000, 0x0000000727400000| Untracked 
|  97|0x0000000727500000, 0x0000000727500000, 0x0000000727600000|  0%| F|  |TAMS 0x0000000727500000, 0x0000000727500000| Untracked 
|  98|0x0000000727600000, 0x0000000727600000, 0x0000000727700000|  0%| F|  |TAMS 0x0000000727600000, 0x0000000727600000| Untracked 
|  99|0x0000000727700000, 0x0000000727700000, 0x0000000727800000|  0%| F|  |TAMS 0x0000000727700000, 0x0000000727700000| Untracked 
| 100|0x0000000727800000, 0x0000000727800000, 0x0000000727900000|  0%| F|  |TAMS 0x0000000727800000, 0x0000000727800000| Untracked 
| 101|0x0000000727900000, 0x0000000727900000, 0x0000000727a00000|  0%| F|  |TAMS 0x0000000727900000, 0x0000000727900000| Untracked 
| 102|0x0000000727a00000, 0x0000000727a00000, 0x0000000727b00000|  0%| F|  |TAMS 0x0000000727a00000, 0x0000000727a00000| Untracked 
| 103|0x0000000727b00000, 0x0000000727b00000, 0x0000000727c00000|  0%| F|  |TAMS 0x0000000727b00000, 0x0000000727b00000| Untracked 
| 104|0x0000000727c00000, 0x0000000727c00000, 0x0000000727d00000|  0%| F|  |TAMS 0x0000000727c00000, 0x0000000727c00000| Untracked 
| 105|0x0000000727d00000, 0x0000000727d00000, 0x0000000727e00000|  0%| F|  |TAMS 0x0000000727d00000, 0x0000000727d00000| Untracked 
| 106|0x0000000727e00000, 0x0000000727e00000, 0x0000000727f00000|  0%| F|  |TAMS 0x0000000727e00000, 0x0000000727e00000| Untracked 
| 107|0x0000000727f00000, 0x0000000727f00000, 0x0000000728000000|  0%| F|  |TAMS 0x0000000727f00000, 0x0000000727f00000| Untracked 
| 108|0x0000000728000000, 0x0000000728000000, 0x0000000728100000|  0%| F|  |TAMS 0x0000000728000000, 0x0000000728000000| Untracked 
| 109|0x0000000728100000, 0x0000000728100000, 0x0000000728200000|  0%| F|  |TAMS 0x0000000728100000, 0x0000000728100000| Untracked 
| 110|0x0000000728200000, 0x0000000728200000, 0x0000000728300000|  0%| F|  |TAMS 0x0000000728200000, 0x0000000728200000| Untracked 
| 111|0x0000000728300000, 0x0000000728300000, 0x0000000728400000|  0%| F|  |TAMS 0x0000000728300000, 0x0000000728300000| Untracked 
| 112|0x0000000728400000, 0x0000000728400000, 0x0000000728500000|  0%| F|  |TAMS 0x0000000728400000, 0x0000000728400000| Untracked 
| 113|0x0000000728500000, 0x0000000728500000, 0x0000000728600000|  0%| F|  |TAMS 0x0000000728500000, 0x0000000728500000| Untracked 
| 114|0x0000000728600000, 0x0000000728600000, 0x0000000728700000|  0%| F|  |TAMS 0x0000000728600000, 0x0000000728600000| Untracked 
| 115|0x0000000728700000, 0x0000000728700000, 0x0000000728800000|  0%| F|  |TAMS 0x0000000728700000, 0x0000000728700000| Untracked 
| 116|0x0000000728800000, 0x0000000728800000, 0x0000000728900000|  0%| F|  |TAMS 0x0000000728800000, 0x0000000728800000| Untracked 
| 117|0x0000000728900000, 0x0000000728900000, 0x0000000728a00000|  0%| F|  |TAMS 0x0000000728900000, 0x0000000728900000| Untracked 
| 118|0x0000000728a00000, 0x0000000728a00000, 0x0000000728b00000|  0%| F|  |TAMS 0x0000000728a00000, 0x0000000728a00000| Untracked 
| 119|0x0000000728b00000, 0x0000000728b00000, 0x0000000728c00000|  0%| F|  |TAMS 0x0000000728b00000, 0x0000000728b00000| Untracked 
| 120|0x0000000728c00000, 0x0000000728c00000, 0x0000000728d00000|  0%| F|  |TAMS 0x0000000728c00000, 0x0000000728c00000| Untracked 
| 121|0x0000000728d00000, 0x0000000728d00000, 0x0000000728e00000|  0%| F|  |TAMS 0x0000000728d00000, 0x0000000728d00000| Untracked 
| 122|0x0000000728e00000, 0x0000000728e00000, 0x0000000728f00000|  0%| F|  |TAMS 0x0000000728e00000, 0x0000000728e00000| Untracked 
| 123|0x0000000728f00000, 0x0000000728f00000, 0x0000000729000000|  0%| F|  |TAMS 0x0000000728f00000, 0x0000000728f00000| Untracked 
| 124|0x0000000729000000, 0x0000000729000000, 0x0000000729100000|  0%| F|  |TAMS 0x0000000729000000, 0x0000000729000000| Untracked 
| 125|0x0000000729100000, 0x0000000729100000, 0x0000000729200000|  0%| F|  |TAMS 0x0000000729100000, 0x0000000729100000| Untracked 
| 126|0x0000000729200000, 0x0000000729200000, 0x0000000729300000|  0%| F|  |TAMS 0x0000000729200000, 0x0000000729200000| Untracked 
| 127|0x0000000729300000, 0x0000000729300000, 0x0000000729400000|  0%| F|  |TAMS 0x0000000729300000, 0x0000000729300000| Untracked 
| 128|0x0000000729400000, 0x0000000729400000, 0x0000000729500000|  0%| F|  |TAMS 0x0000000729400000, 0x0000000729400000| Untracked 
| 129|0x0000000729500000, 0x0000000729500000, 0x0000000729600000|  0%| F|  |TAMS 0x0000000729500000, 0x0000000729500000| Untracked 
| 130|0x0000000729600000, 0x0000000729600000, 0x0000000729700000|  0%| F|  |TAMS 0x0000000729600000, 0x0000000729600000| Untracked 
| 131|0x0000000729700000, 0x0000000729700000, 0x0000000729800000|  0%| F|  |TAMS 0x0000000729700000, 0x0000000729700000| Untracked 
| 132|0x0000000729800000, 0x0000000729800000, 0x0000000729900000|  0%| F|  |TAMS 0x0000000729800000, 0x0000000729800000| Untracked 
| 133|0x0000000729900000, 0x0000000729900000, 0x0000000729a00000|  0%| F|  |TAMS 0x0000000729900000, 0x0000000729900000| Untracked 
| 134|0x0000000729a00000, 0x0000000729a00000, 0x0000000729b00000|  0%| F|  |TAMS 0x0000000729a00000, 0x0000000729a00000| Untracked 
| 135|0x0000000729b00000, 0x0000000729b00000, 0x0000000729c00000|  0%| F|  |TAMS 0x0000000729b00000, 0x0000000729b00000| Untracked 
| 136|0x0000000729c00000, 0x0000000729c00000, 0x0000000729d00000|  0%| F|  |TAMS 0x0000000729c00000, 0x0000000729c00000| Untracked 
| 137|0x0000000729d00000, 0x0000000729d00000, 0x0000000729e00000|  0%| F|  |TAMS 0x0000000729d00000, 0x0000000729d00000| Untracked 
| 138|0x0000000729e00000, 0x0000000729e00000, 0x0000000729f00000|  0%| F|  |TAMS 0x0000000729e00000, 0x0000000729e00000| Untracked 
| 139|0x0000000729f00000, 0x0000000729f00000, 0x000000072a000000|  0%| F|  |TAMS 0x0000000729f00000, 0x0000000729f00000| Untracked 
| 140|0x000000072a000000, 0x000000072a000000, 0x000000072a100000|  0%| F|  |TAMS 0x000000072a000000, 0x000000072a000000| Untracked 
| 141|0x000000072a100000, 0x000000072a100000, 0x000000072a200000|  0%| F|  |TAMS 0x000000072a100000, 0x000000072a100000| Untracked 
| 142|0x000000072a200000, 0x000000072a200000, 0x000000072a300000|  0%| F|  |TAMS 0x000000072a200000, 0x000000072a200000| Untracked 
| 143|0x000000072a300000, 0x000000072a300000, 0x000000072a400000|  0%| F|  |TAMS 0x000000072a300000, 0x000000072a300000| Untracked 
| 144|0x000000072a400000, 0x000000072a400000, 0x000000072a500000|  0%| F|  |TAMS 0x000000072a400000, 0x000000072a400000| Untracked 
| 145|0x000000072a500000, 0x000000072a500000, 0x000000072a600000|  0%| F|  |TAMS 0x000000072a500000, 0x000000072a500000| Untracked 
| 146|0x000000072a600000, 0x000000072a600000, 0x000000072a700000|  0%| F|  |TAMS 0x000000072a600000, 0x000000072a600000| Untracked 
| 147|0x000000072a700000, 0x000000072a700000, 0x000000072a800000|  0%| F|  |TAMS 0x000000072a700000, 0x000000072a700000| Untracked 
| 148|0x000000072a800000, 0x000000072a800000, 0x000000072a900000|  0%| F|  |TAMS 0x000000072a800000, 0x000000072a800000| Untracked 
| 149|0x000000072a900000, 0x000000072a900000, 0x000000072aa00000|  0%| F|  |TAMS 0x000000072a900000, 0x000000072a900000| Untracked 
| 150|0x000000072aa00000, 0x000000072aa00000, 0x000000072ab00000|  0%| F|  |TAMS 0x000000072aa00000, 0x000000072aa00000| Untracked 
| 151|0x000000072ab00000, 0x000000072ab00000, 0x000000072ac00000|  0%| F|  |TAMS 0x000000072ab00000, 0x000000072ab00000| Untracked 
| 152|0x000000072ac00000, 0x000000072ac00000, 0x000000072ad00000|  0%| F|  |TAMS 0x000000072ac00000, 0x000000072ac00000| Untracked 
| 153|0x000000072ad00000, 0x000000072ad00000, 0x000000072ae00000|  0%| F|  |TAMS 0x000000072ad00000, 0x000000072ad00000| Untracked 
| 154|0x000000072ae00000, 0x000000072ae00000, 0x000000072af00000|  0%| F|  |TAMS 0x000000072ae00000, 0x000000072ae00000| Untracked 
| 155|0x000000072af00000, 0x000000072af00000, 0x000000072b000000|  0%| F|  |TAMS 0x000000072af00000, 0x000000072af00000| Untracked 
| 156|0x000000072b000000, 0x000000072b000000, 0x000000072b100000|  0%| F|  |TAMS 0x000000072b000000, 0x000000072b000000| Untracked 
| 157|0x000000072b100000, 0x000000072b100000, 0x000000072b200000|  0%| F|  |TAMS 0x000000072b100000, 0x000000072b100000| Untracked 
| 158|0x000000072b200000, 0x000000072b200000, 0x000000072b300000|  0%| F|  |TAMS 0x000000072b200000, 0x000000072b200000| Untracked 
| 159|0x000000072b300000, 0x000000072b300000, 0x000000072b400000|  0%| F|  |TAMS 0x000000072b300000, 0x000000072b300000| Untracked 
| 160|0x000000072b400000, 0x000000072b400000, 0x000000072b500000|  0%| F|  |TAMS 0x000000072b400000, 0x000000072b400000| Untracked 
| 161|0x000000072b500000, 0x000000072b500000, 0x000000072b600000|  0%| F|  |TAMS 0x000000072b500000, 0x000000072b500000| Untracked 
| 162|0x000000072b600000, 0x000000072b600000, 0x000000072b700000|  0%| F|  |TAMS 0x000000072b600000, 0x000000072b600000| Untracked 
| 163|0x000000072b700000, 0x000000072b700000, 0x000000072b800000|  0%| F|  |TAMS 0x000000072b700000, 0x000000072b700000| Untracked 
| 164|0x000000072b800000, 0x000000072b800000, 0x000000072b900000|  0%| F|  |TAMS 0x000000072b800000, 0x000000072b800000| Untracked 
| 165|0x000000072b900000, 0x000000072b900000, 0x000000072ba00000|  0%| F|  |TAMS 0x000000072b900000, 0x000000072b900000| Untracked 
| 166|0x000000072ba00000, 0x000000072ba00000, 0x000000072bb00000|  0%| F|  |TAMS 0x000000072ba00000, 0x000000072ba00000| Untracked 
| 167|0x000000072bb00000, 0x000000072bb00000, 0x000000072bc00000|  0%| F|  |TAMS 0x000000072bb00000, 0x000000072bb00000| Untracked 
| 168|0x000000072bc00000, 0x000000072bc00000, 0x000000072bd00000|  0%| F|  |TAMS 0x000000072bc00000, 0x000000072bc00000| Untracked 
| 169|0x000000072bd00000, 0x000000072bd00000, 0x000000072be00000|  0%| F|  |TAMS 0x000000072bd00000, 0x000000072bd00000| Untracked 
| 170|0x000000072be00000, 0x000000072be00000, 0x000000072bf00000|  0%| F|  |TAMS 0x000000072be00000, 0x000000072be00000| Untracked 
| 171|0x000000072bf00000, 0x000000072bf00000, 0x000000072c000000|  0%| F|  |TAMS 0x000000072bf00000, 0x000000072bf00000| Untracked 
| 172|0x000000072c000000, 0x000000072c000000, 0x000000072c100000|  0%| F|  |TAMS 0x000000072c000000, 0x000000072c000000| Untracked 
| 173|0x000000072c100000, 0x000000072c100000, 0x000000072c200000|  0%| F|  |TAMS 0x000000072c100000, 0x000000072c100000| Untracked 
| 174|0x000000072c200000, 0x000000072c200000, 0x000000072c300000|  0%| F|  |TAMS 0x000000072c200000, 0x000000072c200000| Untracked 
| 175|0x000000072c300000, 0x000000072c300000, 0x000000072c400000|  0%| F|  |TAMS 0x000000072c300000, 0x000000072c300000| Untracked 
| 176|0x000000072c400000, 0x000000072c400000, 0x000000072c500000|  0%| F|  |TAMS 0x000000072c400000, 0x000000072c400000| Untracked 
| 177|0x000000072c500000, 0x000000072c500000, 0x000000072c600000|  0%| F|  |TAMS 0x000000072c500000, 0x000000072c500000| Untracked 
| 178|0x000000072c600000, 0x000000072c600000, 0x000000072c700000|  0%| F|  |TAMS 0x000000072c600000, 0x000000072c600000| Untracked 
| 179|0x000000072c700000, 0x000000072c700000, 0x000000072c800000|  0%| F|  |TAMS 0x000000072c700000, 0x000000072c700000| Untracked 
| 180|0x000000072c800000, 0x000000072c800000, 0x000000072c900000|  0%| F|  |TAMS 0x000000072c800000, 0x000000072c800000| Untracked 
| 181|0x000000072c900000, 0x000000072c900000, 0x000000072ca00000|  0%| F|  |TAMS 0x000000072c900000, 0x000000072c900000| Untracked 
| 182|0x000000072ca00000, 0x000000072ca00000, 0x000000072cb00000|  0%| F|  |TAMS 0x000000072ca00000, 0x000000072ca00000| Untracked 
| 183|0x000000072cb00000, 0x000000072cb00000, 0x000000072cc00000|  0%| F|  |TAMS 0x000000072cb00000, 0x000000072cb00000| Untracked 
| 184|0x000000072cc00000, 0x000000072cc34470, 0x000000072cd00000| 20%| S|CS|TAMS 0x000000072cc00000, 0x000000072cc00000| Complete 
| 185|0x000000072cd00000, 0x000000072ce00000, 0x000000072ce00000|100%| S|CS|TAMS 0x000000072cd00000, 0x000000072cd00000| Complete 
| 186|0x000000072ce00000, 0x000000072cf00000, 0x000000072cf00000|100%| S|CS|TAMS 0x000000072ce00000, 0x000000072ce00000| Complete 
| 187|0x000000072cf00000, 0x000000072d000000, 0x000000072d000000|100%| S|CS|TAMS 0x000000072cf00000, 0x000000072cf00000| Complete 
| 188|0x000000072d000000, 0x000000072d100000, 0x000000072d100000|100%| S|CS|TAMS 0x000000072d000000, 0x000000072d000000| Complete 
| 189|0x000000072d100000, 0x000000072d100000, 0x000000072d200000|  0%| F|  |TAMS 0x000000072d100000, 0x000000072d100000| Untracked 
| 190|0x000000072d200000, 0x000000072d200000, 0x000000072d300000|  0%| F|  |TAMS 0x000000072d200000, 0x000000072d200000| Untracked 
| 191|0x000000072d300000, 0x000000072d300000, 0x000000072d400000|  0%| F|  |TAMS 0x000000072d300000, 0x000000072d300000| Untracked 
| 192|0x000000072d400000, 0x000000072d400000, 0x000000072d500000|  0%| F|  |TAMS 0x000000072d400000, 0x000000072d400000| Untracked 
| 193|0x000000072d500000, 0x000000072d500000, 0x000000072d600000|  0%| F|  |TAMS 0x000000072d500000, 0x000000072d500000| Untracked 
| 194|0x000000072d600000, 0x000000072d600000, 0x000000072d700000|  0%| F|  |TAMS 0x000000072d600000, 0x000000072d600000| Untracked 
| 195|0x000000072d700000, 0x000000072d700000, 0x000000072d800000|  0%| F|  |TAMS 0x000000072d700000, 0x000000072d700000| Untracked 
| 196|0x000000072d800000, 0x000000072d800000, 0x000000072d900000|  0%| F|  |TAMS 0x000000072d800000, 0x000000072d800000| Untracked 
| 197|0x000000072d900000, 0x000000072d900000, 0x000000072da00000|  0%| F|  |TAMS 0x000000072d900000, 0x000000072d900000| Untracked 
| 198|0x000000072da00000, 0x000000072da00000, 0x000000072db00000|  0%| F|  |TAMS 0x000000072da00000, 0x000000072da00000| Untracked 
| 199|0x000000072db00000, 0x000000072db00000, 0x000000072dc00000|  0%| F|  |TAMS 0x000000072db00000, 0x000000072db00000| Untracked 
| 200|0x000000072dc00000, 0x000000072dc00000, 0x000000072dd00000|  0%| F|  |TAMS 0x000000072dc00000, 0x000000072dc00000| Untracked 
| 201|0x000000072dd00000, 0x000000072dd00000, 0x000000072de00000|  0%| F|  |TAMS 0x000000072dd00000, 0x000000072dd00000| Untracked 
| 202|0x000000072de00000, 0x000000072de00000, 0x000000072df00000|  0%| F|  |TAMS 0x000000072de00000, 0x000000072de00000| Untracked 
| 203|0x000000072df00000, 0x000000072df00000, 0x000000072e000000|  0%| F|  |TAMS 0x000000072df00000, 0x000000072df00000| Untracked 
| 204|0x000000072e000000, 0x000000072e000000, 0x000000072e100000|  0%| F|  |TAMS 0x000000072e000000, 0x000000072e000000| Untracked 
| 205|0x000000072e100000, 0x000000072e100000, 0x000000072e200000|  0%| F|  |TAMS 0x000000072e100000, 0x000000072e100000| Untracked 
| 206|0x000000072e200000, 0x000000072e200000, 0x000000072e300000|  0%| F|  |TAMS 0x000000072e200000, 0x000000072e200000| Untracked 
| 207|0x000000072e300000, 0x000000072e300000, 0x000000072e400000|  0%| F|  |TAMS 0x000000072e300000, 0x000000072e300000| Untracked 
| 208|0x000000072e400000, 0x000000072e400000, 0x000000072e500000|  0%| F|  |TAMS 0x000000072e400000, 0x000000072e400000| Untracked 
| 209|0x000000072e500000, 0x000000072e500000, 0x000000072e600000|  0%| F|  |TAMS 0x000000072e500000, 0x000000072e500000| Untracked 
| 210|0x000000072e600000, 0x000000072e600000, 0x000000072e700000|  0%| F|  |TAMS 0x000000072e600000, 0x000000072e600000| Untracked 
| 211|0x000000072e700000, 0x000000072e700000, 0x000000072e800000|  0%| F|  |TAMS 0x000000072e700000, 0x000000072e700000| Untracked 
| 212|0x000000072e800000, 0x000000072e800000, 0x000000072e900000|  0%| F|  |TAMS 0x000000072e800000, 0x000000072e800000| Untracked 
| 213|0x000000072e900000, 0x000000072e900000, 0x000000072ea00000|  0%| F|  |TAMS 0x000000072e900000, 0x000000072e900000| Untracked 
| 214|0x000000072ea00000, 0x000000072ea00000, 0x000000072eb00000|  0%| F|  |TAMS 0x000000072ea00000, 0x000000072ea00000| Untracked 
| 215|0x000000072eb00000, 0x000000072eb00000, 0x000000072ec00000|  0%| F|  |TAMS 0x000000072eb00000, 0x000000072eb00000| Untracked 
| 216|0x000000072ec00000, 0x000000072ec00000, 0x000000072ed00000|  0%| F|  |TAMS 0x000000072ec00000, 0x000000072ec00000| Untracked 
| 217|0x000000072ed00000, 0x000000072ed00000, 0x000000072ee00000|  0%| F|  |TAMS 0x000000072ed00000, 0x000000072ed00000| Untracked 
| 218|0x000000072ee00000, 0x000000072ee00000, 0x000000072ef00000|  0%| F|  |TAMS 0x000000072ee00000, 0x000000072ee00000| Untracked 
| 219|0x000000072ef00000, 0x000000072ef00000, 0x000000072f000000|  0%| F|  |TAMS 0x000000072ef00000, 0x000000072ef00000| Untracked 
| 220|0x000000072f000000, 0x000000072f000000, 0x000000072f100000|  0%| F|  |TAMS 0x000000072f000000, 0x000000072f000000| Untracked 
| 221|0x000000072f100000, 0x000000072f100000, 0x000000072f200000|  0%| F|  |TAMS 0x000000072f100000, 0x000000072f100000| Untracked 
| 222|0x000000072f200000, 0x000000072f200000, 0x000000072f300000|  0%| F|  |TAMS 0x000000072f200000, 0x000000072f200000| Untracked 
| 223|0x000000072f300000, 0x000000072f300000, 0x000000072f400000|  0%| F|  |TAMS 0x000000072f300000, 0x000000072f300000| Untracked 

Card table byte_map: [0x000001773cdd0000,0x000001773d4d0000] _byte_map_base: 0x00000177394c6000

Marking Bits (Prev, Next): (CMBitMap*) 0x00000177296034a8, (CMBitMap*) 0x00000177296034e0
 Prev Bits: [0x000001773dbd0000, 0x0000017741380000)
 Next Bits: [0x0000017741380000, 0x0000017744b30000)

Polling page: 0x0000017727f50000

Metaspace:

Usage:
  Non-class:     35.98 MB capacity,    35.74 MB (>99%) used,   179.98 KB ( <1%) free+waste,    59.06 KB ( <1%) overhead. 
      Class:      5.07 MB capacity,     4.87 MB ( 96%) used,   177.59 KB (  3%) free+waste,    26.50 KB ( <1%) overhead. 
       Both:     41.04 MB capacity,    40.61 MB ( 99%) used,   357.56 KB ( <1%) free+waste,    85.56 KB ( <1%) overhead. 

Virtual space:
  Non-class space:       48.00 MB reserved,      36.00 MB ( 75%) committed 
      Class space:        1.00 GB reserved,       5.13 MB ( <1%) committed 
             Both:        1.05 GB reserved,      41.13 MB (  4%) committed 

Chunk freelists:
   Non-Class:  24.00 KB
       Class:  26.00 KB
        Both:  50.00 KB

MaxMetaspaceSize: 17179869184.00 GB
CompressedClassSpaceSize: 1.00 GB

CodeHeap 'non-profiled nmethods': size=120064Kb used=1115Kb max_used=1115Kb free=118948Kb
 bounds [0x0000017734b60000, 0x0000017734dd0000, 0x000001773c0a0000]
CodeHeap 'profiled nmethods': size=120000Kb used=5473Kb max_used=5473Kb free=114526Kb
 bounds [0x000001772d630000, 0x000001772db90000, 0x0000017734b60000]
CodeHeap 'non-nmethods': size=5696Kb used=1188Kb max_used=1227Kb free=4507Kb
 bounds [0x000001772d0a0000, 0x000001772d310000, 0x000001772d630000]
 total_blobs=3294 nmethods=2758 adapters=447
 compilation: enabled
              stopped_count=0, restarted_count=0
 full_count=0

Compilation events (20 events):
Event: 3.226 Thread 0x0000017747a9a000 nmethod 2758 0x000001772db80110 code [0x000001772db802e0, 0x000001772db80638]
Event: 3.226 Thread 0x0000017747a9a000 2759       3       java.lang.invoke.TypeConvertingMethodAdapter::cast (42 bytes)
Event: 3.226 Thread 0x0000017747a9a000 nmethod 2759 0x000001772db80710 code [0x000001772db80920, 0x000001772db80da8]
Event: 3.232 Thread 0x0000017747a9a000 2760       3       java.lang.String::startsWith (138 bytes)
Event: 3.232 Thread 0x0000017747a9a000 nmethod 2760 0x000001772db80f90 code [0x000001772db811c0, 0x000001772db81b98]
Event: 3.233 Thread 0x0000017747a9a000 2761       3       java.lang.invoke.MemberName::<init> (131 bytes)
Event: 3.234 Thread 0x0000017747a9a000 nmethod 2761 0x000001772db81e90 code [0x000001772db821e0, 0x000001772db83698]
Event: 3.236 Thread 0x0000017747a9a000 2762       3       java.lang.String::concat (115 bytes)
Event: 3.237 Thread 0x0000017747a9a000 nmethod 2762 0x000001772db83c90 code [0x000001772db83f20, 0x000001772db84be8]
Event: 3.237 Thread 0x0000017747a9a000 2763       3       java.lang.ClassLoader::findLoadedClass (16 bytes)
Event: 3.238 Thread 0x0000017747a9a000 nmethod 2763 0x000001772db85090 code [0x000001772db85260, 0x000001772db85438]
Event: 3.238 Thread 0x0000017747a9a000 2764   !   3       jdk.internal.loader.BuiltinClassLoader::loadClassOrNull (143 bytes)
Event: 3.239 Thread 0x0000017747bfa800 2765       4       jdk.internal.loader.BuiltinClassLoader::findLoadedModule (33 bytes)
Event: 3.240 Thread 0x0000017747a9a000 nmethod 2764 0x000001772db85510 code [0x000001772db85880, 0x000001772db870a8]
Event: 3.243 Thread 0x0000017747a9a000 2766       3       java.lang.StringUTF16::length (5 bytes)
Event: 3.243 Thread 0x0000017747a9a000 nmethod 2766 0x000001772db87a90 code [0x000001772db87c40, 0x000001772db87d38]
Event: 3.243 Thread 0x0000017747a9a000 2768       3       java.lang.StringUTF16::charAt (11 bytes)
Event: 3.243 Thread 0x0000017747a9a000 nmethod 2768 0x000001772db87e10 code [0x000001772db87fe0, 0x000001772db881c8]
Event: 3.243 Thread 0x0000017747a9a000 2767       3       java.lang.StringUTF16::checkIndex (9 bytes)
Event: 3.243 Thread 0x0000017747a9a000 nmethod 2767 0x000001772db88310 code [0x000001772db884e0, 0x000001772db88648]

GC Heap History (10 events):
Event: 0.590 GC heap before
{Heap before GC invocations=0 (full 0):
 garbage-first heap   total 229376K, used 17408K [0x0000000721400000, 0x0000000800000000)
  region size 1024K, 14 young (14336K), 0 survivors (0K)
 Metaspace       used 9813K, capacity 9938K, committed 10112K, reserved 1058816K
  class space    used 842K, capacity 885K, committed 896K, reserved 1048576K
}
Event: 0.593 GC heap after
{Heap after GC invocations=1 (full 0):
 garbage-first heap   total 229376K, used 5188K [0x0000000721400000, 0x0000000800000000)
  region size 1024K, 2 young (2048K), 2 survivors (2048K)
 Metaspace       used 9813K, capacity 9938K, committed 10112K, reserved 1058816K
  class space    used 842K, capacity 885K, committed 896K, reserved 1048576K
}
Event: 1.415 GC heap before
{Heap before GC invocations=1 (full 0):
 garbage-first heap   total 229376K, used 49220K [0x0000000721400000, 0x0000000800000000)
  region size 1024K, 46 young (47104K), 2 survivors (2048K)
 Metaspace       used 20763K, capacity 20990K, committed 21248K, reserved 1069056K
  class space    used 2199K, capacity 2280K, committed 2304K, reserved 1048576K
}
Event: 1.429 GC heap after
{Heap after GC invocations=2 (full 0):
 garbage-first heap   total 229376K, used 9037K [0x0000000721400000, 0x0000000800000000)
  region size 1024K, 6 young (6144K), 6 survivors (6144K)
 Metaspace       used 20763K, capacity 20990K, committed 21248K, reserved 1069056K
  class space    used 2199K, capacity 2280K, committed 2304K, reserved 1048576K
}
Event: 2.441 GC heap before
{Heap before GC invocations=3 (full 0):
 garbage-first heap   total 229376K, used 62285K [0x0000000721400000, 0x0000000800000000)
  region size 1024K, 53 young (54272K), 6 survivors (6144K)
 Metaspace       used 32344K, capacity 32852K, committed 33024K, reserved 1077248K
  class space    used 4050K, capacity 4246K, committed 4352K, reserved 1048576K
}
Event: 2.456 GC heap after
{Heap after GC invocations=4 (full 0):
 garbage-first heap   total 229376K, used 20540K [0x0000000721400000, 0x0000000800000000)
  region size 1024K, 7 young (7168K), 7 survivors (7168K)
 Metaspace       used 32344K, capacity 32852K, committed 33024K, reserved 1077248K
  class space    used 4050K, capacity 4246K, committed 4352K, reserved 1048576K
}
Event: 2.696 GC heap before
{Heap before GC invocations=4 (full 0):
 garbage-first heap   total 229376K, used 32828K [0x0000000721400000, 0x0000000800000000)
  region size 1024K, 20 young (20480K), 7 survivors (7168K)
 Metaspace       used 35011K, capacity 35455K, committed 35584K, reserved 1081344K
  class space    used 4341K, capacity 4538K, committed 4608K, reserved 1048576K
}
Event: 2.705 GC heap after
{Heap after GC invocations=5 (full 0):
 garbage-first heap   total 229376K, used 21697K [0x0000000721400000, 0x0000000800000000)
  region size 1024K, 2 young (2048K), 2 survivors (2048K)
 Metaspace       used 35011K, capacity 35455K, committed 35584K, reserved 1081344K
  class space    used 4341K, capacity 4538K, committed 4608K, reserved 1048576K
}
Event: 3.254 GC heap before
{Heap before GC invocations=6 (full 0):
 garbage-first heap   total 229376K, used 54465K [0x0000000721400000, 0x0000000800000000)
  region size 1024K, 35 young (35840K), 2 survivors (2048K)
 Metaspace       used 41586K, capacity 42030K, committed 42112K, reserved 1095680K
  class space    used 4985K, capacity 5190K, committed 5248K, reserved 1048576K
}
Event: 3.262 GC heap after
{Heap after GC invocations=7 (full 0):
 garbage-first heap   total 229376K, used 24459K [0x0000000721400000, 0x0000000800000000)
  region size 1024K, 5 young (5120K), 5 survivors (5120K)
 Metaspace       used 41586K, capacity 42030K, committed 42112K, reserved 1095680K
  class space    used 4985K, capacity 5190K, committed 5248K, reserved 1048576K
}

Deoptimization events (20 events):
Event: 3.211 Thread 0x00000177295a9000 Uncommon trap: trap_request=0xffffff4d fr.pc=0x0000017734b79b70 relative=0x00000000000000d0
Event: 3.211 Thread 0x00000177295a9000 Uncommon trap: reason=unstable_if action=reinterpret pc=0x0000017734b79b70 method=java.lang.String.getBytes([BIB)V @ 5 c2
Event: 3.211 Thread 0x00000177295a9000 DEOPT PACKING pc=0x0000017734b79b70 sp=0x00000001d10f5d20
Event: 3.211 Thread 0x00000177295a9000 DEOPT UNPACKING pc=0x000001772d0c7b2f sp=0x00000001d10f5ce8 mode 2
Event: 3.211 Thread 0x00000177295a9000 Uncommon trap: trap_request=0xffffff4d fr.pc=0x0000017734b94b40 relative=0x0000000000000ca0
Event: 3.211 Thread 0x00000177295a9000 Uncommon trap: reason=unstable_if action=reinterpret pc=0x0000017734b94b40 method=java.lang.StringCoding.encodeUTF8(B[BZ)[B @ 2 c2
Event: 3.211 Thread 0x00000177295a9000 DEOPT PACKING pc=0x0000017734b94b40 sp=0x00000001d10f5c40
Event: 3.211 Thread 0x00000177295a9000 DEOPT UNPACKING pc=0x000001772d0c7b2f sp=0x00000001d10f5a30 mode 2
Event: 3.211 Thread 0x00000177295a9000 Uncommon trap: trap_request=0xffffff4d fr.pc=0x0000017734c66f98 relative=0x00000000000002b8
Event: 3.211 Thread 0x00000177295a9000 Uncommon trap: reason=unstable_if action=reinterpret pc=0x0000017734c66f98 method=sun.net.www.ParseUtil.firstEncodeIndex(Ljava/lang/String;)I @ 27 c2
Event: 3.211 Thread 0x00000177295a9000 DEOPT PACKING pc=0x0000017734c66f98 sp=0x00000001d10f5d70
Event: 3.211 Thread 0x00000177295a9000 DEOPT UNPACKING pc=0x000001772d0c7b2f sp=0x00000001d10f5b98 mode 2
Event: 3.212 Thread 0x00000177295a9000 Uncommon trap: trap_request=0xffffff4d fr.pc=0x0000017734c16ea0 relative=0x0000000000000200
Event: 3.212 Thread 0x00000177295a9000 Uncommon trap: reason=unstable_if action=reinterpret pc=0x0000017734c16ea0 method=java.lang.String.indexOf(II)I @ 4 c2
Event: 3.212 Thread 0x00000177295a9000 DEOPT PACKING pc=0x0000017734c16ea0 sp=0x00000001d10f5a00
Event: 3.212 Thread 0x00000177295a9000 DEOPT UNPACKING pc=0x000001772d0c7b2f sp=0x00000001d10f59b0 mode 2
Event: 3.212 Thread 0x00000177295a9000 Uncommon trap: trap_request=0xffffff4d fr.pc=0x0000017734c1a1b4 relative=0x0000000000000194
Event: 3.212 Thread 0x00000177295a9000 Uncommon trap: reason=unstable_if action=reinterpret pc=0x0000017734c1a1b4 method=java.lang.String.startsWith(Ljava/lang/String;I)Z @ 46 c2
Event: 3.212 Thread 0x00000177295a9000 DEOPT PACKING pc=0x0000017734c1a1b4 sp=0x00000001d10f5b00
Event: 3.212 Thread 0x00000177295a9000 DEOPT UNPACKING pc=0x000001772d0c7b2f sp=0x00000001d10f5a68 mode 2

Classes redefined (0 events):
No events

Internal exceptions (20 events):
Event: 1.403 Thread 0x00000177295a9000 Exception <a 'java/lang/NoSuchMethodError'{0x000000072c782658}: 'long java.lang.invoke.DirectMethodHandle$Holder.invokeStaticInit(java.lang.Object)'> (0x000000072c782658) thrown at [./src/hotspot/share/interpreter/linkResolver.cpp, line 773]
Event: 1.471 Thread 0x00000177295a9000 Exception <a 'java/lang/NoSuchMethodError'{0x000000072f02cc98}: 'int java.lang.invoke.DirectMethodHandle$Holder.invokeStaticInit(java.lang.Object, java.lang.Object, java.lang.Object)'> (0x000000072f02cc98) thrown at [./src/hotspot/share/interpreter/linkResolver.cpp, line 773]
Event: 1.475 Thread 0x00000177295a9000 Exception <a 'java/lang/NoSuchMethodError'{0x000000072f058478}: 'int java.lang.invoke.DirectMethodHandle$Holder.invokeStaticInit(java.lang.Object, java.lang.Object)'> (0x000000072f058478) thrown at [./src/hotspot/share/interpreter/linkResolver.cpp, line 773]
Event: 1.532 Thread 0x00000177295a9000 Exception <a 'java/lang/NoSuchMethodError'{0x000000072ee69330}: 'void java.lang.invoke.DirectMethodHandle$Holder.invokeSpecial(java.lang.Object, java.lang.Object)'> (0x000000072ee69330) thrown at [./src/hotspot/share/interpreter/linkResolver.cpp, line 773]
Event: 1.707 Thread 0x00000177295a9000 Exception <a 'java/lang/NoSuchMethodError'{0x000000072e694aa0}: 'java.lang.Object java.lang.invoke.DirectMethodHandle$Holder.invokeStatic(java.lang.Object, java.lang.Object, java.lang.Object, java.lang.Object, java.lang.Object, java.lang.Object, java.lang.Object, java.lang.Object, java.lang.Object, java.lang.Object, java.lang.Object, java.lang.Object, java.lang.Object, java.lang.Object, java.lang.Object)'> (0x000000072e694aa0) thrown at [./src/hotspot/share/interpreter/linkResolver.cpp, line 773]
Event: 1.708 Thread 0x00000177295a9000 Exception <a 'java/lang/NoSuchMethodError'{0x000000072e6a2aa8}: 'java.lang.Object java.lang.invoke.DirectMethodHandle$Holder.invokeStatic(java.lang.Object, java.lang.Object, java.lang.Object, java.lang.Object, java.lang.Object, java.lang.Object, java.lang.Object, java.lang.Object, java.lang.Object, java.lang.Object, java.lang.Object, java.lang.Object, java.lang.Object, java.lang.Object, java.lang.Object, java.lang.Object)'> (0x000000072e6a2aa8) thrown at [./src/hotspot/share/interpreter/linkResolver.cpp, l
Event: 1.709 Thread 0x00000177295a9000 Exception <a 'java/lang/NoSuchMethodError'{0x000000072e6b09c0}: 'java.lang.Object java.lang.invoke.DirectMethodHandle$Holder.invokeSpecial(java.lang.Object, java.lang.Object, int, int, java.lang.Object, java.lang.Object, java.lang.Object)'> (0x000000072e6b09c0) thrown at [./src/hotspot/share/interpreter/linkResolver.cpp, line 773]
Event: 1.710 Thread 0x00000177295a9000 Exception <a 'java/lang/NoSuchMethodError'{0x000000072e6b41f8}: 'java.lang.Object java.lang.invoke.DelegatingMethodHandle$Holder.reinvoke_L(java.lang.Object, int, int, java.lang.Object, java.lang.Object, java.lang.Object)'> (0x000000072e6b41f8) thrown at [./src/hotspot/share/interpreter/linkResolver.cpp, line 773]
Event: 1.710 Thread 0x00000177295a9000 Exception <a 'java/lang/NoSuchMethodError'{0x000000072e6b8580}: 'java.lang.Object java.lang.invoke.DirectMethodHandle$Holder.invokeStatic(java.lang.Object, java.lang.Object, java.lang.Object, java.lang.Object, int)'> (0x000000072e6b8580) thrown at [./src/hotspot/share/interpreter/linkResolver.cpp, line 773]
Event: 1.753 Thread 0x00000177295a9000 Exception <a 'sun/nio/fs/WindowsException'{0x000000072e5f8a70}> (0x000000072e5f8a70) thrown at [./src/hotspot/share/prims/jni.cpp, line 615]
Event: 1.753 Thread 0x00000177295a9000 Exception <a 'sun/nio/fs/WindowsException'{0x000000072e5f92e8}> (0x000000072e5f92e8) thrown at [./src/hotspot/share/prims/jni.cpp, line 615]
Event: 1.753 Thread 0x00000177295a9000 Exception <a 'sun/nio/fs/WindowsException'{0x000000072e5f9b70}> (0x000000072e5f9b70) thrown at [./src/hotspot/share/prims/jni.cpp, line 615]
Event: 1.753 Thread 0x00000177295a9000 Exception <a 'sun/nio/fs/WindowsException'{0x000000072e5fa558}> (0x000000072e5fa558) thrown at [./src/hotspot/share/prims/jni.cpp, line 615]
Event: 1.753 Thread 0x00000177295a9000 Exception <a 'sun/nio/fs/WindowsException'{0x000000072e5fae40}> (0x000000072e5fae40) thrown at [./src/hotspot/share/prims/jni.cpp, line 615]
Event: 1.753 Thread 0x00000177295a9000 Exception <a 'sun/nio/fs/WindowsException'{0x000000072e5fb778}> (0x000000072e5fb778) thrown at [./src/hotspot/share/prims/jni.cpp, line 615]
Event: 1.755 Thread 0x00000177295a9000 Exception <a 'java/lang/NoSuchMethodError'{0x000000072e402468}: 'void java.lang.invoke.DirectMethodHandle$Holder.invokeStatic(java.lang.Object, java.lang.Object, java.lang.Object, java.lang.Object)'> (0x000000072e402468) thrown at [./src/hotspot/share/interpreter/linkResolver.cpp, line 773]
Event: 1.826 Thread 0x00000177295a9000 Exception <a 'java/lang/NoSuchMethodError'{0x000000072e1def18}: 'void java.lang.invoke.DirectMethodHandle$Holder.invokeStaticInit(java.lang.Object, java.lang.Object)'> (0x000000072e1def18) thrown at [./src/hotspot/share/interpreter/linkResolver.cpp, line 773]
Event: 1.907 Thread 0x00000177295a9000 Exception <a 'java/lang/NoSuchMethodError'{0x000000072ddfdec0}: 'void java.lang.invoke.DirectMethodHandle$Holder.invokeVirtual(java.lang.Object, java.lang.Object)'> (0x000000072ddfdec0) thrown at [./src/hotspot/share/interpreter/linkResolver.cpp, line 773]
Event: 1.919 Thread 0x00000177295a9000 Exception <a 'java/lang/NoSuchMethodError'{0x000000072dc6fc50}: 'int java.lang.invoke.DirectMethodHandle$Holder.invokeVirtual(java.lang.Object, java.lang.Object)'> (0x000000072dc6fc50) thrown at [./src/hotspot/share/interpreter/linkResolver.cpp, line 773]
Event: 2.635 Thread 0x00000177295a9000 Exception <a 'java/lang/NoSuchMethodError'{0x000000072eb977b8}: 'java.lang.Object java.lang.invoke.DirectMethodHandle$Holder.invokeVirtual(java.lang.Object, java.lang.Object, java.lang.Object)'> (0x000000072eb977b8) thrown at [./src/hotspot/share/interpreter/linkResolver.cpp, line 773]

Events (20 events):
Event: 3.250 loading class org/jetbrains/kotlin/com/intellij/util/containers/IntStack done
Event: 3.250 loading class org/jetbrains/kotlin/com/intellij/lang/impl/MarkerOptionalData
Event: 3.250 loading class org/jetbrains/kotlin/com/intellij/lang/impl/MarkerOptionalData done
Event: 3.251 loading class java/util/BitSet
Event: 3.251 loading class java/util/BitSet done
Event: 3.251 loading class org/jetbrains/kotlin/it/unimi/dsi/fastutil/ints/IntOpenHashSet
Event: 3.251 loading class org/jetbrains/kotlin/it/unimi/dsi/fastutil/ints/IntOpenHashSet done
Event: 3.251 loading class org/jetbrains/kotlin/it/unimi/dsi/fastutil/ints/AbstractIntSet
Event: 3.251 loading class org/jetbrains/kotlin/it/unimi/dsi/fastutil/ints/AbstractIntSet done
Event: 3.251 loading class org/jetbrains/kotlin/it/unimi/dsi/fastutil/ints/AbstractIntCollection
Event: 3.251 loading class org/jetbrains/kotlin/it/unimi/dsi/fastutil/ints/AbstractIntCollection done
Event: 3.252 loading class org/jetbrains/kotlin/it/unimi/dsi/fastutil/ints/IntIterator
Event: 3.252 loading class org/jetbrains/kotlin/it/unimi/dsi/fastutil/ints/IntIterator done
Event: 3.252 loading class java/util/PrimitiveIterator$OfInt
Event: 3.252 loading class java/util/PrimitiveIterator
Event: 3.252 loading class java/util/PrimitiveIterator done
Event: 3.252 loading class java/util/PrimitiveIterator$OfInt done
Event: 3.252 loading class org/jetbrains/kotlin/com/intellij/lang/impl/MarkerProduction
Event: 3.252 loading class org/jetbrains/kotlin/com/intellij/lang/impl/MarkerProduction done
Event: 3.253 Executing VM operation: CollectForMetadataAllocation


Dynamic libraries:
0x00007ff79a560000 - 0x00007ff79a56a000 	C:\Program Files\Android\Android Studio\jre\bin\java.exe
0x00007ffa21cf0000 - 0x00007ffa21ee5000 	C:\WINDOWS\SYSTEM32\ntdll.dll
0x00007ffa216f0000 - 0x00007ffa217ad000 	C:\WINDOWS\System32\KERNEL32.DLL
0x00007ffa1f7c0000 - 0x00007ffa1fa88000 	C:\WINDOWS\System32\KERNELBASE.dll
0x00007ffa1f620000 - 0x00007ffa1f720000 	C:\WINDOWS\System32\ucrtbase.dll
0x00007ff9fb4d0000 - 0x00007ff9fb4e9000 	C:\Program Files\Android\Android Studio\jre\bin\jli.dll
0x00007ff9fab50000 - 0x00007ff9fab67000 	C:\Program Files\Android\Android Studio\jre\bin\VCRUNTIME140.dll
0x00007ffa21a60000 - 0x00007ffa21c00000 	C:\WINDOWS\System32\USER32.dll
0x00007ffa1f430000 - 0x00007ffa1f452000 	C:\WINDOWS\System32\win32u.dll
0x00007ffa04030000 - 0x00007ffa042ca000 	C:\WINDOWS\WinSxS\amd64_microsoft.windows.common-controls_6595b64144ccf1df_6.0.19041.844_none_ca00b6081b84eb1d\COMCTL32.dll
0x00007ffa216c0000 - 0x00007ffa216ea000 	C:\WINDOWS\System32\GDI32.dll
0x00007ffa1fd50000 - 0x00007ffa1fdee000 	C:\WINDOWS\System32\msvcrt.dll
0x00007ffa1fac0000 - 0x00007ffa1fbcb000 	C:\WINDOWS\System32\gdi32full.dll
0x00007ffa1f720000 - 0x00007ffa1f7bd000 	C:\WINDOWS\System32\msvcp_win.dll
0x00007ffa20f30000 - 0x00007ffa20f60000 	C:\WINDOWS\System32\IMM32.DLL
0x00007ff9f6460000 - 0x00007ff9f64fd000 	C:\Program Files\Android\Android Studio\jre\bin\msvcp140.dll
0x00007ff9df890000 - 0x00007ff9e035f000 	C:\Program Files\Android\Android Studio\jre\bin\server\jvm.dll
0x00007ffa219b0000 - 0x00007ffa21a5c000 	C:\WINDOWS\System32\ADVAPI32.dll
0x00007ffa21020000 - 0x00007ffa210bb000 	C:\WINDOWS\System32\sechost.dll
0x00007ffa217b0000 - 0x00007ffa218db000 	C:\WINDOWS\System32\RPCRT4.dll
0x00007ffa218e0000 - 0x00007ffa218e8000 	C:\WINDOWS\System32\PSAPI.DLL
0x00007ffa18150000 - 0x00007ffa1815a000 	C:\WINDOWS\SYSTEM32\VERSION.dll
0x00007ffa19d10000 - 0x00007ffa19d19000 	C:\WINDOWS\SYSTEM32\WSOCK32.dll
0x00007ffa20c30000 - 0x00007ffa20c9b000 	C:\WINDOWS\System32\WS2_32.dll
0x00007ffa12200000 - 0x00007ffa12227000 	C:\WINDOWS\SYSTEM32\WINMM.dll
0x00007ffa1dd50000 - 0x00007ffa1dd62000 	C:\WINDOWS\SYSTEM32\kernel.appcore.dll
0x00007ffa02b70000 - 0x00007ffa02b81000 	C:\Program Files\Android\Android Studio\jre\bin\verify.dll
0x00007ffa1dae0000 - 0x00007ffa1dcc4000 	C:\WINDOWS\SYSTEM32\DBGHELP.DLL
0x00007ffa05ab0000 - 0x00007ffa05adc000 	C:\WINDOWS\SYSTEM32\dbgcore.DLL
0x00007ffa1fcd0000 - 0x00007ffa1fd50000 	C:\WINDOWS\System32\bcryptPrimitives.dll
0x00007ff9fbdf0000 - 0x00007ff9fbe19000 	C:\Program Files\Android\Android Studio\jre\bin\java.dll
0x00007ffa16d10000 - 0x00007ffa16d1b000 	C:\Program Files\Android\Android Studio\jre\bin\jimage.dll
0x00007ffa02b50000 - 0x00007ffa02b68000 	C:\Program Files\Android\Android Studio\jre\bin\zip.dll
0x00007ffa204e0000 - 0x00007ffa20c22000 	C:\WINDOWS\System32\SHELL32.dll
0x00007ffa1d280000 - 0x00007ffa1da11000 	C:\WINDOWS\SYSTEM32\windows.storage.dll
0x00007ffa20050000 - 0x00007ffa203a5000 	C:\WINDOWS\System32\combase.dll
0x00007ffa1edd0000 - 0x00007ffa1edfc000 	C:\WINDOWS\SYSTEM32\Wldp.dll
0x00007ffa211a0000 - 0x00007ffa2124e000 	C:\WINDOWS\System32\SHCORE.dll
0x00007ffa218f0000 - 0x00007ffa21945000 	C:\WINDOWS\System32\shlwapi.dll
0x00007ffa1f370000 - 0x00007ffa1f38f000 	C:\WINDOWS\SYSTEM32\profapi.dll
0x00007ff9fbdd0000 - 0x00007ff9fbdea000 	C:\Program Files\Android\Android Studio\jre\bin\net.dll
0x00007ffa12230000 - 0x00007ffa1233b000 	C:\WINDOWS\SYSTEM32\WINHTTP.dll
0x00007ffa1eb40000 - 0x00007ffa1ebaa000 	C:\WINDOWS\system32\mswsock.dll
0x00007ff9fb830000 - 0x00007ff9fb844000 	C:\Program Files\Android\Android Studio\jre\bin\nio.dll

dbghelp: loaded successfully - version: 4.0.5 - missing functions: none
symbol engine: initialized successfully - sym options: 0x614 - pdb path: .;C:\Program Files\Android\Android Studio\jre\bin;C:\WINDOWS\SYSTEM32;C:\WINDOWS\WinSxS\amd64_microsoft.windows.common-controls_6595b64144ccf1df_6.0.19041.844_none_ca00b6081b84eb1d;C:\Program Files\Android\Android Studio\jre\bin\server

VM Arguments:
java_command: org.jetbrains.kotlin.cli.jvm.K2JVMCompiler @C:\Users\oleg\AndroidStudioProjects\Question\app\build\20220112_16076623314119256171.compiler.options
java_class_path (initial): C:\Users\oleg\.gradle\caches\modules-2\files-2.1\org.jetbrains.kotlin\kotlin-compiler-embeddable\1.6.10\88f2073f4020cdb83132cfe940ceb9a60aba54ea\kotlin-compiler-embeddable-1.6.10.jar;C:\Users\oleg\.gradle\caches\modules-2\files-2.1\org.jetbrains.kotlin\kotlin-reflect\1.6.10\1cbe9c92c12a94eea200d23c2bbaedaf3daf5132\kotlin-reflect-1.6.10.jar;C:\Users\oleg\.gradle\caches\modules-2\files-2.1\org.jetbrains.kotlin\kotlin-stdlib\1.6.10\b8af3fe6f1ca88526914929add63cf5e7c5049af\kotlin-stdlib-1.6.10.jar;C:\Users\oleg\.gradle\caches\modules-2\files-2.1\org.jetbrains.kotlin\kotlin-script-runtime\1.6.10\d0a7ff2e2500ef497ed0214ae40ad3c8387a6164\kotlin-script-runtime-1.6.10.jar;C:\Users\oleg\.gradle\caches\modules-2\files-2.1\org.jetbrains.kotlin\kotlin-daemon-embeddable\1.6.10\a56d79bcbea411fa6058e4ecffc2de73e742bd2a\kotlin-daemon-embeddable-1.6.10.jar;C:\Users\oleg\.gradle\caches\modules-2\files-2.1\org.jetbrains.intellij.deps\trove4j\1.0.20181211\216c2e14b070f334479d800987affe4054cd563f\trove4j-1.0.20181211.jar;C:\Users\oleg\.gradle\caches\modules-2\files-2.1\net.java.dev.jna\jna\5.6.0\330f2244e9030119ab3030fc3fededc86713d9cc\jna-5.6.0.jar;C:\Users\oleg\.gradle\caches\modules-2\files-2.1\org.jetbrains\annotations\13.0\919f0dfe192fb4e063e7dacadee7f8bb9a2672a9\annotations-13.0.jar;C:\Users\oleg\.gradle\caches\modules-2\files-2.1\org.jetbrains.kotlin\kotlin-stdlib-common\1.6.10\c118700e3a33c8a0d9adc920e9dec0831171925\kotlin-stdlib-common-1.6.10.jar
Launcher Type: SUN_STANDARD

[Global flags]
     intx CICompilerCount                          = 3                                         {product} {ergonomic}
     uint ConcGCThreads                            = 1                                         {product} {ergonomic}
     uint G1ConcRefinementThreads                  = 4                                         {product} {ergonomic}
   size_t G1HeapRegionSize                         = 1048576                                   {product} {ergonomic}
    uintx GCDrainStackTargetSize                   = 64                                        {product} {ergonomic}
   size_t InitialHeapSize                          = 234881024                                 {product} {ergonomic}
   size_t MarkStackSize                            = 4194304                                   {product} {ergonomic}
   size_t MaxHeapSize                              = 3737124864                                {product} {ergonomic}
   size_t MaxNewSize                               = 2241855488                                {product} {ergonomic}
   size_t MinHeapDeltaBytes                        = 1048576                                   {product} {ergonomic}
    uintx NonNMethodCodeHeapSize                   = 5830732                                {pd product} {ergonomic}
    uintx NonProfiledCodeHeapSize                  = 122913754                              {pd product} {ergonomic}
    uintx ProfiledCodeHeapSize                     = 122913754                              {pd product} {ergonomic}
    uintx ReservedCodeCacheSize                    = 251658240                              {pd product} {ergonomic}
     bool SegmentedCodeCache                       = true                                      {product} {ergonomic}
     bool UseCompressedClassPointers               = true                                 {lp64_product} {ergonomic}
     bool UseCompressedOops                        = true                                 {lp64_product} {ergonomic}
     bool UseG1GC                                  = true                                      {product} {ergonomic}
     bool UseLargePagesIndividualAllocation        = false                                  {pd product} {ergonomic}

Logging:
Log output configuration:
 #0: stdout all=warning uptime,level,tags
 #1: stderr all=off uptime,level,tags

Environment Variables:
PATH=C:\WINDOWS\system32;C:\WINDOWS;C:\WINDOWS\System32\Wbem;C:\WINDOWS\System32\WindowsPowerShell\v1.0\;C:\WINDOWS\System32\OpenSSH\;C:\Program Files\Git\cmd;C:\Users\oleg\AppData\Local\Microsoft\WindowsApps;C:\Users\oleg\AppData\Local\GitHubDesktop\bin;
USERNAME=oleg
OS=Windows_NT
PROCESSOR_IDENTIFIER=AMD64 Family 23 Model 24 Stepping 1, AuthenticAMD



---------------  S Y S T E M  ---------------

OS: Windows 10 , 64 bit Build 19041 (10.0.19041.928)
OS uptime: 10 days 2:06 hours

CPU:total 4 (initial active 4) (4 cores per cpu, 2 threads per core) family 23 model 24 stepping 1 microcode 0x0, cmov, cx8, fxsr, mmx, sse, sse2, sse3, ssse3, sse4.1, sse4.2, popcnt, avx, avx2, aes, clmul, mmxext, 3dnowpref, lzcnt, sse4a, ht, tsc, tscinvbit, tscinv, bmi1, bmi2, adx, s

Memory: 4k page, system-wide physical 14250M (3930M free)
TotalPageFile size 14250M (AvailPageFile size 5M)
current process WorkingSet (physical memory assigned to process): 212M, peak: 212M
current process commit charge ("private bytes"): 387M, peak: 388M

vm_info: OpenJDK 64-Bit Server VM (11.0.10+0-b96-7249189) for windows-amd64 JRE (11.0.10+0-b96-7249189), built on Mar 31 2021 21:44:00 by "builder" with MS VC++ 14.0 (VS2015)

END.
